
> webgl@0.0.0 start /home/new/interestm
> node ./bin/www

[0mGET /asset/project1/level3/pano/tiles/night_pano_after/cf_0/l_2/c_2/tile_0.jpg [36m304 [0m9.131 ms - -[0m
[0mGET /asset/project1/level3/pano/tiles/night_pano_after/cf_0/l_2/c_2/tile_3.jpg [36m304 [0m8.934 ms - -[0m
[0mGET /asset/project1/level3/pano/tiles/night_pano_after/cf_0/l_2/c_2/tile_2.jpg [36m304 [0m8.963 ms - -[0m
[0mGET /asset/project1/level3/pano/tiles/night_pano_after/cf_0/l_2/c_2/tile_1.jpg [36m304 [0m8.981 ms - -[0m
[0mGET /asset/project1/level3/pano/tiles/sun_pano_after/cf_2/l_1/c_1/tile_1.jpg [32m200 [0m4.518 ms - 65662[0m
[0mGET /asset/project1/level3/pano/tiles/sun_pano_after/cf_2/l_1/c_1/tile_0.jpg [32m200 [0m5.049 ms - 100095[0m
[0mGET /pano?contentId=2&nsukey=hHg10doQ708UIrQ53NCN6mV5P3L8uY4fCxumPLK2U7ZuW8%2F4EfgrFwFRKZm8nA01GMszGWunrj3c26PQ0HcFgadzz7Qp10th21ddw4HIvvw7oicSFm3hKP4KMD8F3Em7GkjGsNcQDbAG%2F8bI%2ByD9QETOcd495eHrC%2BcaJ32yNYdGoKSdyg%2FovkWCRbPH8pPcOwMxexw9e7jacmc2fCyfTw%3D%3D [32m200 [0m9.279 ms - 6560[0m
[0mGET /pano?contentId=2&nsukey=hHg10doQ708UIrQ53NCN6mV5P3L8uY4fCxumPLK2U7ZuW8%2F4EfgrFwFRKZm8nA01GMszGWunrj3c26PQ0HcFgadzz7Qp10th21ddw4HIvvw7oicSFm3hKP4KMD8F3Em7GkjGsNcQDbAG%2F8bI%2ByD9QETOcd495eHrC%2BcaJ32yNYdGoKSdyg%2FovkWCRbPH8pPcOwMxexw9e7jacmc2fCyfTw%3D%3D [32m200 [0m2.630 ms - 6560[0m
[0mGET /asset/project1/level3/pano/pano2vr_player.js?_=1508678074735 [32m200 [0m0.701 ms - 171688[0m
[0mGET /asset/project1/level3/pano/skin.js?_=1508678074736 [32m200 [0m0.977 ms - 107333[0m
[0mGET /asset/project1/level3/pano/pano.xml [32m200 [0m0.519 ms - 4301[0m
[0mGET /pano?contentId=2&nsukey=cwfx6vsN4T9bQN1jbM5Y%2BxHItlwRs301dtuJNCtBUboTUJQUNWTJbuJag%2Bo%2F%2Fw11ItPZvSu0OtPpF6bTSaweoyV1dxOZioTRj0BO4j2ltQWnLe4sWPLs4t9VELcc4K1foqLYsIppCVdt9OeDpxS9MCrZVHJ4qAfjRfR66Eg4cF7JZ654d5GHHI0Loq7HMXaFUWpcb75f0kH%2Fm0PIa%2FFPkw%3D%3D [32m200 [0m1.459 ms - 6560[0m
[0mGET /pano?contentId=2&nsukey=hHg10doQ708UIrQ53NCN6mV5P3L8uY4fCxumPLK2U7ZuW8%2F4EfgrFwFRKZm8nA01GMszGWunrj3c26PQ0HcFgadzz7Qp10th21ddw4HIvvw7oicSFm3hKP4KMD8F3Em7GkjGsNcQDbAG%2F8bI%2ByD9QETOcd495eHrC%2BcaJ32yNYdGoKSdyg%2FovkWCRbPH8pPcOwMxexw9e7jacmc2fCyfTw%3D%3D [32m200 [0m2.783 ms - 6560[0m
[0mGET /css/water/main.css [36m304 [0m0.510 ms - -[0m
[0mGET /css/style.css [36m304 [0m1.331 ms - -[0m
[0mGET /css/share.min.css [36m304 [0m1.326 ms - -[0m
[0mGET /js/jquery-3.2.1.min.js [36m304 [0m0.221 ms - -[0m
[0mGET /img/close.png [36m304 [0m0.189 ms - -[0m
[0mGET /js/water/bootstrap-waterfall.js [36m304 [0m0.539 ms - -[0m
[0mGET /js/bootstrap.min.js [36m304 [0m0.373 ms - -[0m
[0mGET /js/water/vendor.js [36m304 [0m0.600 ms - -[0m
[0mGET /js/interaction.js [36m304 [0m0.191 ms - -[0m
[0mGET /js/template-web.js [36m304 [0m6.353 ms - -[0m
[0mGET /js/jquery.share.min.js [36m304 [0m0.414 ms - -[0m
[0mGET /img/prev.png [36m304 [0m0.481 ms - -[0m
[0mGET /img/next.png [36m304 [0m0.382 ms - -[0m
[0mGET /img/share3.png [36m304 [0m0.375 ms - -[0m
[0mGET /img/return.png [36m304 [0m0.489 ms - -[0m
[0mGET /img/save3.png [36m304 [0m0.488 ms - -[0m
[0mGET /asset/project1/level3/pano/pano2vr_player.js?_=1508678075438 [32m200 [0m4.992 ms - 171688[0m
[0mGET /asset/project1/level3/pano/skin.js?_=1508678075439 [32m200 [0m0.554 ms - 107333[0m
[0mGET /images/fullscreen_off__o.svg [36m304 [0m0.288 ms - -[0m
[0mGET /images/fullscreen_off.svg [36m304 [0m0.581 ms - -[0m
[0mGET /images/fullscreen__o.svg [36m304 [0m0.165 ms - -[0m
[0mGET /images/movemode_1.svg [36m304 [0m0.170 ms - -[0m
[0mGET /images/movemode_2.svg [36m304 [0m0.498 ms - -[0m
[0mGET /images/movemode_1__o.svg [36m304 [0m0.653 ms - -[0m
[0mGET /images/movemode_2__o.svg [36m304 [0m0.949 ms - -[0m
[0mGET /images/fullscreen.svg [36m304 [0m0.158 ms - -[0m
[0mGET /images/info__o.svg [36m304 [0m0.176 ms - -[0m
[0mGET /images/autorotate.svg [36m304 [0m0.411 ms - -[0m
[0mGET /images/autorotate_off.svg [36m304 [0m0.157 ms - -[0m
[0mGET /images/autorotate__o.svg [36m304 [0m0.397 ms - -[0m
[0mGET /images/autorotate_off__o.svg [36m304 [0m0.258 ms - -[0m
[0mGET /images/info.svg [36m304 [0m1.390 ms - -[0m
[0mGET /images/zoomout__o.svg [36m304 [0m0.404 ms - -[0m
[0mGET /images/zoomin.svg [36m304 [0m0.164 ms - -[0m
[0mGET /images/zoomin__o.svg [36m304 [0m0.161 ms - -[0m
[0mGET /images/ht_info_close.svg [36m304 [0m0.340 ms - -[0m
[0mGET /images/ht_info_close__o.svg [36m304 [0m0.366 ms - -[0m
[0mGET /images/loading_image.svg [36m304 [0m0.149 ms - -[0m
[0mGET /images/zoomout.svg [36m304 [0m0.146 ms - -[0m
[0mGET /pano?contentId=2&nsukey=cwfx6vsN4T9bQN1jbM5Y%2BxHItlwRs301dtuJNCtBUboTUJQUNWTJbuJag%2Bo%2F%2Fw11ItPZvSu0OtPpF6bTSaweoyV1dxOZioTRj0BO4j2ltQWnLe4sWPLs4t9VELcc4K1foqLYsIppCVdt9OeDpxS9MCrZVHJ4qAfjRfR66Eg4cF7JZ654d5GHHI0Loq7HMXaFUWpcb75f0kH%2Fm0PIa%2FFPkw%3D%3D [32m200 [0m2.356 ms - 6560[0m
[0mGET /asset/project1/level3/pano/pano.xml [36m304 [0m0.170 ms - -[0m
[0mGET /images/ht_node_visited.svg [36m304 [0m0.698 ms - -[0m
[0mGET /images/ht_node_visited__o.svg [36m304 [0m0.544 ms - -[0m
[0mGET /images/ht_node_image__o.svg [36m304 [0m0.539 ms - -[0m
[0mGET /images/preview_nodeimage_node2.png [36m304 [0m0.530 ms - -[0m
[0mGET /asset/project1/level3/pano/tiles/night_pano_after/cf_6/l_0/c_0/tile_0.jpg [36m304 [0m0.326 ms - -[0m
[0mGET /images/checkmark_tick.svg [36m304 [0m1.199 ms - -[0m
[0mGET /images/ht_node_image.svg [36m304 [0m0.542 ms - -[0m
[0mGET /asset/project1/level3/pano/tiles/night_pano_after/cf_0/l_0/c_0/tile_0.jpg [36m304 [0m0.178 ms - -[0m
[0mGET /asset/project1/level3/pano/tiles/night_pano_after/cf_1/l_0/c_0/tile_0.jpg [36m304 [0m0.181 ms - -[0m
[0mGET /asset/project1/level3/pano/tiles/night_pano_after/cf_2/l_0/c_0/tile_0.jpg [36m304 [0m0.358 ms - -[0m
[0mGET /asset/project1/level3/pano/tiles/night_pano_after/cf_3/l_0/c_0/tile_0.jpg [36m304 [0m0.352 ms - -[0m
[0mGET /asset/project1/level3/pano/tiles/night_pano_after/cf_4/l_0/c_0/tile_0.jpg [36m304 [0m1.349 ms - -[0m
[0mGET /asset/project1/level3/pano/tiles/night_pano_after/cf_5/l_0/c_0/tile_0.jpg [36m304 [0m0.168 ms - -[0m
[0mGET /asset/project1/level3/pano/tiles/night_pano_after/cf_0/l_1/c_0/tile_1.jpg [36m304 [0m0.164 ms - -[0m
[0mGET /asset/project1/level3/pano/tiles/night_pano_after/cf_0/l_1/c_0/tile_0.jpg [36m304 [0m0.168 ms - -[0m
[0mGET /asset/project1/level3/pano/pano2vr_player.js?_=1508678075903 [32m200 [0m0.446 ms - 171688[0m
[0mGET /asset/project1/level3/pano/skin.js?_=1508678075904 [32m200 [0m0.597 ms - 107333[0m
[0mGET /asset/project1/level3/pano/pano.xml [32m200 [0m0.365 ms - 4301[0m
[0mGET /asset/project1/level3/pano/tiles/night_pano_after/cf_3/l_1/c_1/tile_1.jpg [36m304 [0m0.477 ms - -[0m
[0mGET /asset/project1/level3/pano/tiles/night_pano_after/cf_3/l_1/c_1/tile_0.jpg [36m304 [0m0.517 ms - -[0m
[0mGET /asset/project1/level3/pano/tiles/night_pano_after/cf_0/l_1/c_0/tile_0.jpg [36m304 [0m0.572 ms - -[0m
[0mGET /asset/project1/level3/pano/tiles/night_pano_after/cf_0/l_1/c_0/tile_1.jpg [36m304 [0m0.562 ms - -[0m
[0mGET /asset/project1/level3/pano/tiles/night_pano_after/cf_0/l_2/c_1/tile_1.jpg [36m304 [0m0.364 ms - -[0m
[0mGET /asset/project1/level3/pano/tiles/night_pano_after/cf_0/l_2/c_1/tile_0.jpg [36m304 [0m0.374 ms - -[0m
[0mGET /asset/project1/level3/pano/tiles/night_pano_after/cf_0/l_2/c_1/tile_2.jpg [36m304 [0m0.317 ms - -[0m
[0mGET /asset/project1/level3/pano/tiles/night_pano_after/cf_0/l_2/c_1/tile_3.jpg [36m304 [0m0.172 ms - -[0m
[0mGET /pano?contentId=2 [36m304 [0m1.435 ms - -[0m
[0mGET /css/style.css [36m304 [0m0.451 ms - -[0m
[0mGET /js/jquery-3.2.1.min.js [36m304 [0m0.479 ms - -[0m
[0mGET /css/share.min.css [36m304 [0m1.265 ms - -[0m
[0mGET /css/water/main.css [36m304 [0m1.208 ms - -[0m
[0mGET /js/water/vendor.js [36m304 [0m0.174 ms - -[0m
[0mGET /js/water/bootstrap-waterfall.js [36m304 [0m0.163 ms - -[0m
[0mGET /js/interaction.js [36m304 [0m0.157 ms - -[0m
[0mGET /js/bootstrap.min.js [36m304 [0m0.147 ms - -[0m
[0mGET /js/template-web.js [36m304 [0m0.147 ms - -[0m
[0mGET /js/jquery.share.min.js [36m304 [0m0.147 ms - -[0m
[0mGET /img/close.png [36m304 [0m0.163 ms - -[0m
[0mGET /img/prev.png [36m304 [0m0.183 ms - -[0m
[0mGET /img/return.png [36m304 [0m0.196 ms - -[0m
[0mGET /img/save3.png [36m304 [0m0.160 ms - -[0m
[0mGET /img/share3.png [36m304 [0m1.035 ms - -[0m
[0mGET /img/next.png [36m304 [0m1.209 ms - -[0m
[0mGET /asset/project1/level3/pano/pano2vr_player.js?_=1508678078460 [32m200 [0m1.138 ms - 171688[0m
[0mGET /asset/project1/level3/pano/skin.js?_=1508678078461 [32m200 [0m0.719 ms - 107333[0m
[0mGET /images/fullscreen.svg [36m304 [0m0.466 ms - -[0m
[0mGET /images/fullscreen_off.svg [36m304 [0m0.441 ms - -[0m
[0mGET /images/fullscreen__o.svg [36m304 [0m1.066 ms - -[0m
[0mGET /images/fullscreen_off__o.svg [36m304 [0m1.198 ms - -[0m
[0mGET /images/movemode_1.svg [36m304 [0m0.826 ms - -[0m
[0mGET /images/movemode_1__o.svg [36m304 [0m0.149 ms - -[0m
[0mGET /images/loading_image.svg [36m304 [0m0.166 ms - -[0m
[0mGET /images/info.svg [36m304 [0m0.360 ms - -[0m
[0mGET /images/movemode_2__o.svg [36m304 [0m0.338 ms - -[0m
[0mGET /images/autorotate.svg [36m304 [0m0.328 ms - -[0m
[0mGET /images/info__o.svg [36m304 [0m0.328 ms - -[0m
[0mGET /images/movemode_2.svg [36m304 [0m0.250 ms - -[0m
[0mGET /images/ht_info_close.svg [36m304 [0m0.279 ms - -[0m
[0mGET /images/ht_info_close__o.svg [36m304 [0m0.429 ms - -[0m
[0mGET /images/autorotate__o.svg [36m304 [0m0.149 ms - -[0m
[0mGET /images/autorotate_off.svg [36m304 [0m0.810 ms - -[0m
[0mGET /images/zoomin__o.svg [36m304 [0m0.347 ms - -[0m
[0mGET /images/zoomin.svg [36m304 [0m0.156 ms - -[0m
[0mGET /images/zoomout.svg [36m304 [0m0.548 ms - -[0m
[0mGET /images/autorotate_off__o.svg [36m304 [0m0.167 ms - -[0m
[0mGET /images/zoomout__o.svg [36m304 [0m0.638 ms - -[0m
[0mGET /asset/project1/level3/pano/pano.xml [36m304 [0m0.265 ms - -[0m
[0mGET /images/ht_node_visited.svg [36m304 [0m1.045 ms - -[0m
[0mGET /images/ht_node_image.svg [36m304 [0m1.313 ms - -[0m
[0mGET /images/preview_nodeimage_node2.png [36m304 [0m1.408 ms - -[0m
[0mGET /asset/project1/level3/pano/tiles/night_pano_after/cf_6/l_0/c_0/tile_0.jpg [36m304 [0m2.266 ms - -[0m
[0mGET /images/ht_node_image__o.svg [36m304 [0m0.316 ms - -[0m
[0mGET /images/ht_node_visited__o.svg [36m304 [0m0.350 ms - -[0m
[0mGET /images/checkmark_tick.svg [36m304 [0m0.165 ms - -[0m
[0mGET /asset/project1/level3/pano/tiles/night_pano_after/cf_1/l_0/c_0/tile_0.jpg [36m304 [0m0.172 ms - -[0m
[0mGET /asset/project1/level3/pano/tiles/night_pano_after/cf_4/l_0/c_0/tile_0.jpg [36m304 [0m0.162 ms - -[0m
[0mGET /asset/project1/level3/pano/tiles/night_pano_after/cf_3/l_0/c_0/tile_0.jpg [36m304 [0m0.222 ms - -[0m
[0mGET /asset/project1/level3/pano/tiles/night_pano_after/cf_2/l_0/c_0/tile_0.jpg [36m304 [0m2.279 ms - -[0m
[0mGET /asset/project1/level3/pano/tiles/night_pano_after/cf_0/l_0/c_0/tile_0.jpg [36m304 [0m3.548 ms - -[0m
[0mGET /asset/project1/level3/pano/tiles/night_pano_after/cf_5/l_0/c_0/tile_0.jpg [36m304 [0m0.158 ms - -[0m
[0mGET /asset/project1/level3/pano/tiles/night_pano_after/cf_0/l_1/c_0/tile_0.jpg [36m304 [0m0.169 ms - -[0m
[0mGET /asset/project1/level3/pano/tiles/night_pano_after/cf_0/l_1/c_0/tile_1.jpg [36m304 [0m0.165 ms - -[0m
[0mGET /asset/project1/level3/pano/tiles/night_pano_after/cf_0/l_1/c_1/tile_1.jpg [36m304 [0m0.793 ms - -[0m
[0mGET /asset/project1/level3/pano/tiles/night_pano_after/cf_0/l_1/c_1/tile_0.jpg [36m304 [0m1.179 ms - -[0m
[0mGET /asset/project1/level3/pano/tiles/night_pano_after/cf_3/l_1/c_1/tile_1.jpg [36m304 [0m0.170 ms - -[0m
[0mGET /asset/project1/level3/pano/tiles/night_pano_after/cf_3/l_1/c_1/tile_0.jpg [36m304 [0m0.155 ms - -[0m
[0mGET /asset/project1/level3/pano/tiles/night_pano_after/cf_0/l_2/c_1/tile_0.jpg [36m304 [0m0.180 ms - -[0m
[0mGET /asset/project1/level3/pano/tiles/night_pano_after/cf_0/l_2/c_2/tile_0.jpg [36m304 [0m0.154 ms - -[0m
[0mGET /asset/project1/level3/pano/tiles/night_pano_after/cf_0/l_2/c_0/tile_1.jpg [36m304 [0m0.152 ms - -[0m
[0mGET /asset/project1/level3/pano/tiles/night_pano_after/cf_0/l_2/c_0/tile_0.jpg [36m304 [0m0.163 ms - -[0m
[0mGET /asset/project1/level3/pano/tiles/night_pano_after/cf_0/l_2/c_2/tile_1.jpg [36m304 [0m0.155 ms - -[0m
[0mGET /asset/project1/level3/pano/tiles/night_pano_after/cf_0/l_2/c_1/tile_1.jpg [36m304 [0m0.153 ms - -[0m
[0mGET /asset/project1/level3/pano/tiles/night_pano_after/cf_0/l_2/c_2/tile_2.jpg [36m304 [0m0.152 ms - -[0m
[0mGET /asset/project1/level3/pano/tiles/night_pano_after/cf_0/l_2/c_1/tile_2.jpg [36m304 [0m0.149 ms - -[0m
[0mGET /asset/project1/level3/pano/tiles/night_pano_after/cf_0/l_2/c_0/tile_2.jpg [36m304 [0m0.302 ms - -[0m
[0mGET /asset/project1/level3/pano/tiles/night_pano_after/cf_0/l_2/c_1/tile_3.jpg [36m304 [0m1.239 ms - -[0m
[0mGET /asset/project1/level3/pano/tiles/night_pano_after/cf_0/l_2/c_0/tile_3.jpg [36m304 [0m0.155 ms - -[0m
[0mGET /asset/project1/level3/pano/tiles/night_pano_after/cf_3/l_2/c_2/tile_0.jpg [36m304 [0m0.201 ms - -[0m
[0mGET /asset/project1/level3/pano/tiles/night_pano_after/cf_3/l_2/c_3/tile_0.jpg [36m304 [0m0.187 ms - -[0m
[0mGET /asset/project1/level3/pano/tiles/night_pano_after/cf_0/l_2/c_2/tile_3.jpg [36m304 [0m0.161 ms - -[0m
[0mGET /asset/project1/level3/pano/tiles/night_pano_after/cf_3/l_2/c_3/tile_1.jpg [36m304 [0m0.171 ms - -[0m
[0mGET /asset/project1/level3/pano/tiles/night_pano_after/cf_3/l_2/c_2/tile_1.jpg [36m304 [0m0.166 ms - -[0m
[0mGET /asset/project1/level3/pano/tiles/night_pano_after/cf_3/l_2/c_2/tile_3.jpg [36m304 [0m0.205 ms - -[0m
[0mGET /asset/project1/level3/pano/tiles/night_pano_after/cf_3/l_2/c_3/tile_2.jpg [36m304 [0m0.339 ms - -[0m
[0mGET /asset/project1/level3/pano/tiles/night_pano_after/cf_3/l_2/c_3/tile_3.jpg [36m304 [0m0.324 ms - -[0m
[0mGET /asset/project1/level3/pano/tiles/night_pano_after/cf_3/l_2/c_2/tile_2.jpg [36m304 [0m0.151 ms - -[0m
[0mGET /project?projectId=1 [36m304 [0m1.692 ms - -[0m
[0mGET /asset/project1/level3/pano/tiles/sun_pano_after/cf_2/l_1/c_0/tile_1.jpg [32m200 [0m0.454 ms - 65468[0m
[0mGET /css/style.css [36m304 [0m0.167 ms - -[0m
[0mGET /js/jquery-3.2.1.min.js [36m304 [0m0.211 ms - -[0m
[0mGET /css/share.min.css [36m304 [0m0.145 ms - -[0m
[0mGET /css/water/main.css [36m304 [0m0.148 ms - -[0m
[0mGET /js/water/vendor.js [36m304 [0m0.181 ms - -[0m
[0mGET /js/water/bootstrap-waterfall.js [36m304 [0m0.224 ms - -[0m
[0mGET /js/interaction.js [36m304 [0m0.249 ms - -[0m
[0mGET /asset/project1/level3/pano/tiles/sun_pano_after/cf_2/l_1/c_0/tile_0.jpg [32m200 [0m0.507 ms - 102890[0m
[0mGET /js/bootstrap.min.js [36m304 [0m0.193 ms - -[0m
[0mGET /js/jquery.share.min.js [36m304 [0m0.163 ms - -[0m
[0mGET /img/save2.png [36m304 [0m0.313 ms - -[0m
[0mGET /img/share.png [36m304 [0m0.308 ms - -[0m
[0mGET /img/m_logo.png [36m304 [0m0.161 ms - -[0m
[0mGET /img/hotlink.png [36m304 [0m0.135 ms - -[0m
[0mGET /js/template-web.js [36m304 [0m0.155 ms - -[0m
[0mGET /img/user.png [36m304 [0m0.203 ms - -[0m
[0mGET /img/3dlogo.png [36m304 [0m1.331 ms - -[0m
[0mGET /asset/project1/level2/IMG.jpg [36m304 [0m1.316 ms - -[0m
[0mGET /img/IMGlogo.png [36m304 [0m1.304 ms - -[0m
[0mGET /asset/project1/level2/webgl.jpg [36m304 [0m1.303 ms - -[0m
[0mGET /asset/project1/level2/pano.jpg [36m304 [0m1.303 ms - -[0m
[0mGET /img/panologo.png [36m304 [0m1.948 ms - -[0m
[0mGET /pano?contentId=2&nsukey=cwfx6vsN4T9bQN1jbM5Y%2BxHItlwRs301dtuJNCtBUboTUJQUNWTJbuJag%2Bo%2F%2Fw11ItPZvSu0OtPpF6bTSaweoyV1dxOZioTRj0BO4j2ltQWnLe4sWPLs4t9VELcc4K1foqLYsIppCVdt9OeDpxS9MCrZVHJ4qAfjRfR66Eg4cF7JZ654d5GHHI0Loq7HMXaFUWpcb75f0kH%2Fm0PIa%2FFPkw%3D%3D [32m200 [0m1.141 ms - 6560[0m
[0mGET /asset/project1/level3/pano/tiles/night_pano_after/cf_3/l_1/c_0/tile_1.jpg [36m304 [0m0.319 ms - -[0m
[0mGET /asset/project1/level3/pano/tiles/night_pano_after/cf_3/l_2/c_1/tile_1.jpg [36m304 [0m0.172 ms - -[0m
[0mGET /asset/project1/level3/pano/tiles/night_pano_after/cf_3/l_2/c_1/tile_2.jpg [36m304 [0m0.308 ms - -[0m
[0mGET /asset/project1/level3/pano/tiles/night_pano_after/cf_3/l_2/c_1/tile_0.jpg [36m304 [0m0.328 ms - -[0m
[0mGET /asset/project1/level3/pano/tiles/night_pano_after/cf_3/l_1/c_0/tile_0.jpg [36m304 [0m0.144 ms - -[0m
[0mGET /asset/project1/level3/pano/tiles/night_pano_after/cf_3/l_2/c_1/tile_3.jpg [36m304 [0m0.294 ms - -[0m
[0mGET /css/style.css [32m200 [0m0.488 ms - 2774[0m
[0mGET /css/share.min.css [32m200 [0m0.612 ms - 4067[0m
[0mGET /css/water/main.css [32m200 [0m0.544 ms - 132100[0m
[0mGET /asset/project1/level3/pano/tiles/night_pano_after/cf_3/l_1/c_0/tile_0.jpg [36m304 [0m4.209 ms - -[0m
[0mGET /asset/project1/level3/pano/tiles/night_pano_after/cf_3/l_1/c_0/tile_1.jpg [36m304 [0m1.160 ms - -[0m
[0mGET /js/jquery-3.2.1.min.js [32m200 [0m0.630 ms - 86659[0m
[0mGET /js/water/bootstrap-waterfall.js [32m200 [0m0.770 ms - 6354[0m
[0mGET /js/interaction.js [32m200 [0m0.961 ms - 5060[0m
[0mGET /js/bootstrap.min.js [32m200 [0m0.916 ms - 37045[0m
[0mGET /js/water/vendor.js [32m200 [0m0.835 ms - 84242[0m
[0mGET /js/template-web.js [32m200 [0m0.459 ms - 16504[0m
[0mGET /img/close.png [32m200 [0m0.608 ms - 3609[0m
[0mGET /img/prev.png [32m200 [0m1.341 ms - 3344[0m
[0mGET /img/return.png [32m200 [0m0.285 ms - 3135[0m
[0mGET /js/jquery.share.min.js [32m200 [0m0.496 ms - 25010[0m
[0mGET /asset/project1/level3/pano/tiles/night_pano_after/cf_3/l_2/c_0/tile_2.jpg [36m304 [0m1.008 ms - -[0m
[0mGET /asset/project1/level3/pano/tiles/night_pano_after/cf_3/l_2/c_0/tile_3.jpg [36m304 [0m1.020 ms - -[0m
[0mGET /asset/project1/level3/pano/tiles/night_pano_after/cf_3/l_2/c_0/tile_1.jpg [36m304 [0m0.672 ms - -[0m
[0mGET /asset/project1/level3/pano/tiles/night_pano_after/cf_3/l_2/c_0/tile_0.jpg [36m304 [0m0.184 ms - -[0m
[0mGET /img/save3.png [32m200 [0m2.152 ms - 3239[0m
[0mGET /img/share3.png [32m200 [0m0.509 ms - 3735[0m
[0mGET /img/next.png [32m200 [0m3.688 ms - 3338[0m
[0mGET /asset/project1/level3/pano/pano2vr_player.js?_=1508678086758 [32m200 [0m1.127 ms - 171688[0m
[0mGET /asset/project1/level3/pano/media/river01.mp3 [36m304 [0m1.063 ms - -[0m
[0mGET /asset/project1/level3/pano/media/river01.mp3 [32m206 [0m1.391 ms - 900300[0m
[0mGET /asset/project1/level3/pano/media/river01.mp3 [32m206 [0m0.660 ms - 326860[0m
[0mGET /asset/project1/level3/pano/media/river01.mp3 [32m206 [0m0.499 ms - 425120[0m
[0mGET /asset/project1/level3/pano/tiles/night_pano_after/cf_2/l_1/c_1/tile_1.jpg [36m304 [0m0.469 ms - -[0m
[0mGET /asset/project1/level3/pano/tiles/night_pano_after/cf_2/l_2/c_3/tile_2.jpg [36m304 [0m0.881 ms - -[0m
[0mGET /asset/project1/level3/pano/tiles/night_pano_after/cf_2/l_2/c_3/tile_1.jpg [36m304 [0m0.732 ms - -[0m
[0mGET /asset/project1/level3/pano/tiles/night_pano_after/cf_2/l_2/c_3/tile_0.jpg [36m304 [0m0.711 ms - -[0m
[0mGET /asset/project1/level3/pano/tiles/night_pano_after/cf_2/l_1/c_1/tile_0.jpg [36m304 [0m0.204 ms - -[0m
[0mGET /asset/project1/level3/pano/tiles/night_pano_after/cf_2/l_2/c_3/tile_3.jpg [36m304 [0m0.228 ms - -[0m
[0mGET /pano?contentId=2&nsukey=A7zVbuoCBP%2Bp1nT8mX6UE%2BqnRKPKby3suQI9VLPFg3BJHgVZLrRhdlD84uG3L9FGe5heT2eSyOn9ljD5dFhPB0jKBiAr9Tldqy0ad0gwvdhAkrDguhOyqK6FOYVXn9ZV0hBTJVQDdLFGJXYjPD8EstMmQB4pB%2FDE%2FXaefvikLTetutpPHFbI1sf6kl47Ts3r5QnYG4UxmOONhS5hr3bSgQ%3D%3D [32m200 [0m2.521 ms - 6560[0m
[0mGET /asset/project1/level3/pano/media/river01.mp3 [32m206 [0m0.668 ms - 181420[0m
[0mGET /pano?contentId=2&nsukey=A7zVbuoCBP%2Bp1nT8mX6UE%2BqnRKPKby3suQI9VLPFg3BJHgVZLrRhdlD84uG3L9FGe5heT2eSyOn9ljD5dFhPB0jKBiAr9Tldqy0ad0gwvdhAkrDguhOyqK6FOYVXn9ZV0hBTJVQDdLFGJXYjPD8EstMmQB4pB%2FDE%2FXaefvikLTetutpPHFbI1sf6kl47Ts3r5QnYG4UxmOONhS5hr3bSgQ%3D%3D [32m200 [0m1.328 ms - 6560[0m
[0mGET /asset/project1/level3/pano/pano2vr_player.js?_=1508678091022 [32m200 [0m0.601 ms - 171688[0m
[0mGET /asset/project1/level3/pano/skin.js?_=1508678091023 [32m200 [0m0.517 ms - 107333[0m
[0mGET /asset/project1/level3/pano/pano.xml [32m200 [0m0.530 ms - 4301[0m
[0mGET /pano?contentId=2&nsukey=A7zVbuoCBP%2Bp1nT8mX6UE%2BqnRKPKby3suQI9VLPFg3BJHgVZLrRhdlD84uG3L9FGe5heT2eSyOn9ljD5dFhPB0jKBiAr9Tldqy0ad0gwvdhAkrDguhOyqK6FOYVXn9ZV0hBTJVQDdLFGJXYjPD8EstMmQB4pB%2FDE%2FXaefvikLTetutpPHFbI1sf6kl47Ts3r5QnYG4UxmOONhS5hr3bSgQ%3D%3D [32m200 [0m1.562 ms - 6560[0m
[0mGET /css/water/main.css [36m304 [0m0.242 ms - -[0m
[0mGET /css/style.css [36m304 [0m0.373 ms - -[0m
[0mGET /css/share.min.css [36m304 [0m0.179 ms - -[0m
[0mGET /js/jquery-3.2.1.min.js [36m304 [0m0.269 ms - -[0m
[0mGET /js/water/vendor.js [36m304 [0m0.169 ms - -[0m
[0mGET /js/water/bootstrap-waterfall.js [36m304 [0m0.175 ms - -[0m
[0mGET /img/prev.png [36m304 [0m0.181 ms - -[0m
[0mGET /img/close.png [36m304 [0m0.166 ms - -[0m
[0mGET /js/interaction.js [36m304 [0m0.163 ms - -[0m
[0mGET /js/template-web.js [36m304 [0m0.166 ms - -[0m
[0mGET /js/bootstrap.min.js [36m304 [0m0.259 ms - -[0m
[0mGET /img/save3.png [36m304 [0m0.176 ms - -[0m
[0mGET /js/jquery.share.min.js [36m304 [0m0.238 ms - -[0m
[0mGET /img/next.png [36m304 [0m0.156 ms - -[0m
[0mGET /img/return.png [36m304 [0m0.274 ms - -[0m
[0mGET /img/share3.png [36m304 [0m0.601 ms - -[0m
[0mGET /asset/project1/level3/pano/tiles/night_pano_after/cf_2/l_1/c_1/tile_1.jpg [36m304 [0m0.432 ms - -[0m
[0mGET /asset/project1/level3/pano/tiles/night_pano_after/cf_2/l_1/c_1/tile_0.jpg [36m304 [0m0.621 ms - -[0m
[0mGET /asset/project1/level3/pano/pano2vr_player.js?_=1508678092501 [32m200 [0m0.588 ms - 171688[0m
[0mGET /asset/project1/level3/pano/skin.js?_=1508678092502 [32m200 [0m0.489 ms - 107333[0m
[0mGET /asset/project1/level3/pano/skin.js?_=1508678086759 [32m200 [0m0.469 ms - 107333[0m
[0mGET /images/fullscreen_off.svg [36m304 [0m0.337 ms - -[0m
[0mGET /images/fullscreen_off__o.svg [36m304 [0m0.195 ms - -[0m
[0mGET /images/fullscreen.svg [36m304 [0m0.178 ms - -[0m
[0mGET /images/fullscreen__o.svg [36m304 [0m0.181 ms - -[0m
[0mGET /images/movemode_1.svg [36m304 [0m0.185 ms - -[0m
[0mGET /images/movemode_1__o.svg [36m304 [0m0.195 ms - -[0m
[0mGET /images/movemode_2.svg [36m304 [0m0.229 ms - -[0m
[0mGET /images/movemode_2__o.svg [36m304 [0m0.265 ms - -[0m
[0mGET /images/info.svg [36m304 [0m0.630 ms - -[0m
[0mGET /images/info__o.svg [36m304 [0m0.433 ms - -[0m
[0mGET /images/autorotate.svg [36m304 [0m1.382 ms - -[0m
[0mGET /images/autorotate__o.svg [36m304 [0m0.172 ms - -[0m
[0mGET /images/autorotate_off.svg [36m304 [0m0.346 ms - -[0m
[0mGET /images/autorotate_off__o.svg [36m304 [0m0.155 ms - -[0m
[0mGET /images/zoomout.svg [36m304 [0m0.189 ms - -[0m
[0mGET /images/zoomout__o.svg [36m304 [0m0.158 ms - -[0m
[0mGET /images/zoomin__o.svg [36m304 [0m0.158 ms - -[0m
[0mGET /images/zoomin.svg [36m304 [0m0.187 ms - -[0m
[0mGET /images/loading_image.svg [36m304 [0m0.328 ms - -[0m
[0mGET /images/ht_info_close.svg [36m304 [0m0.337 ms - -[0m
[0mGET /images/ht_info_close__o.svg [36m304 [0m0.186 ms - -[0m
[0mGET /asset/project1/level3/pano/tiles/night_pano_after/cf_2/l_2/c_2/tile_2.jpg [36m304 [0m0.188 ms - -[0m
[0mGET /asset/project1/level3/pano/tiles/night_pano_after/cf_2/l_2/c_2/tile_1.jpg [36m304 [0m1.151 ms - -[0m
[0mGET /asset/project1/level3/pano/tiles/night_pano_after/cf_2/l_2/c_2/tile_3.jpg [36m304 [0m0.294 ms - -[0m
[0mGET /asset/project1/level3/pano/tiles/night_pano_after/cf_2/l_2/c_2/tile_0.jpg [36m304 [0m0.187 ms - -[0m
[0mGET /asset/project1/level3/pano/pano.xml [36m304 [0m0.312 ms - -[0m
[0mGET /asset/project1/level3/pano/tiles/night_pano_after/cf_6/l_0/c_0/tile_0.jpg [36m304 [0m0.301 ms - -[0m
[0mGET /images/ht_node_visited.svg [36m304 [0m0.179 ms - -[0m
[0mGET /images/ht_node_visited__o.svg [36m304 [0m0.172 ms - -[0m
[0mGET /images/ht_node_image.svg [36m304 [0m0.303 ms - -[0m
[0mGET /images/ht_node_image__o.svg [36m304 [0m0.252 ms - -[0m
[0mGET /images/preview_nodeimage_node2.png [36m304 [0m0.173 ms - -[0m
[0mGET /images/checkmark_tick.svg [36m304 [0m0.226 ms - -[0m
[0mGET /asset/project1/level3/pano/tiles/night_pano_after/cf_1/l_0/c_0/tile_0.jpg [36m304 [0m14.189 ms - -[0m
[0mGET /asset/project1/level3/pano/tiles/night_pano_after/cf_0/l_0/c_0/tile_0.jpg [36m304 [0m2.756 ms - -[0m
[0mGET /asset/project1/level3/pano/media/river01.mp3 [36m304 [0m0.602 ms - -[0m
[0mGET /asset/project1/level3/pano/tiles/night_pano_after/cf_2/l_0/c_0/tile_0.jpg [36m304 [0m0.503 ms - -[0m
[0mGET /asset/project1/level3/pano/tiles/night_pano_after/cf_3/l_0/c_0/tile_0.jpg [36m304 [0m0.337 ms - -[0m
[0mGET /asset/project1/level3/pano/tiles/night_pano_after/cf_4/l_0/c_0/tile_0.jpg [36m304 [0m0.311 ms - -[0m
[0mGET /asset/project1/level3/pano/tiles/night_pano_after/cf_5/l_0/c_0/tile_0.jpg [36m304 [0m0.195 ms - -[0m
[0mGET /asset/project1/level3/pano/tiles/night_pano_after/cf_0/l_1/c_0/tile_1.jpg [36m304 [0m0.487 ms - -[0m
[0mGET /asset/project1/level3/pano/tiles/night_pano_after/cf_0/l_1/c_0/tile_0.jpg [36m304 [0m0.519 ms - -[0m
[0mGET /images/fullscreen_off__o.svg [32m200 [0m1.501 ms - 1742[0m
[0mGET /images/fullscreen_off.svg [32m200 [0m1.780 ms - 1760[0m
[0mGET /images/fullscreen.svg [32m200 [0m1.587 ms - 1634[0m
[0mGET /images/fullscreen__o.svg [32m200 [0m0.595 ms - 1627[0m
[0mGET /asset/project1/level3/pano/tiles/night_pano_after/cf_3/l_1/c_1/tile_0.jpg [36m304 [0m0.316 ms - -[0m
[0mGET /asset/project1/level3/pano/tiles/night_pano_after/cf_3/l_1/c_1/tile_1.jpg [36m304 [0m0.172 ms - -[0m
[0mGET /images/movemode_1.svg [32m200 [0m0.885 ms - 2773[0m
[0mGET /images/movemode_1__o.svg [32m200 [0m0.948 ms - 2842[0m
[0mGET /images/movemode_2__o.svg [32m200 [0m0.291 ms - 1624[0m
[0mGET /images/info.svg [32m200 [0m0.582 ms - 1177[0m
[0mGET /images/info__o.svg [32m200 [0m0.410 ms - 1192[0m
[0mGET /images/autorotate.svg [32m200 [0m0.452 ms - 2244[0m
[0mGET /asset/project1/level3/pano/tiles/night_pano_after/cf_2/l_1/c_0/tile_1.jpg [36m304 [0m0.872 ms - -[0m
[0mGET /asset/project1/level3/pano/tiles/night_pano_after/cf_2/l_2/c_1/tile_0.jpg [36m304 [0m1.365 ms - -[0m
[0mGET /asset/project1/level3/pano/tiles/night_pano_after/cf_2/l_2/c_1/tile_1.jpg [36m304 [0m0.682 ms - -[0m
[0mGET /asset/project1/level3/pano/tiles/night_pano_after/cf_2/l_2/c_1/tile_2.jpg [36m304 [0m0.370 ms - -[0m
[0mGET /asset/project1/level3/pano/tiles/night_pano_after/cf_2/l_1/c_0/tile_0.jpg [36m304 [0m0.547 ms - -[0m
[0mGET /asset/project1/level3/pano/tiles/night_pano_after/cf_2/l_2/c_1/tile_3.jpg [36m304 [0m0.179 ms - -[0m
[0mGET /images/movemode_2.svg [32m200 [0m0.491 ms - 1738[0m
[0mGET /images/autorotate__o.svg [32m200 [0m0.492 ms - 2330[0m
[0mGET /images/autorotate_off.svg [32m200 [0m0.286 ms - 2967[0m
[0mGET /images/autorotate_off__o.svg [32m200 [0m0.792 ms - 3029[0m
[0mGET /images/zoomout.svg [32m200 [0m0.911 ms - 862[0m
[0mGET /images/zoomout__o.svg [32m200 [0m0.939 ms - 842[0m
[0mGET /images/zoomin.svg [32m200 [0m0.325 ms - 1330[0m
[0mGET /asset/project1/level3/pano/tiles/night_pano_after/cf_2/l_1/c_0/tile_0.jpg [32m200 [0m0.853 ms - 103304[0m
[0mGET /asset/project1/level3/pano/tiles/night_pano_after/cf_2/l_1/c_0/tile_1.jpg [32m200 [0m0.988 ms - 76988[0m
[0mGET /images/zoomin__o.svg [32m200 [0m0.546 ms - 1262[0m
[0mGET /images/ht_info_close__o.svg [32m200 [0m0.826 ms - 1421[0m
[0mGET /images/ht_info_close.svg [32m200 [0m0.870 ms - 1449[0m
[0mGET /images/loading_image.svg [32m200 [0m0.603 ms - 2338[0m
[0mGET /asset/project1/level3/pano/tiles/night_pano_after/cf_2/l_2/c_0/tile_1.jpg [36m304 [0m0.400 ms - -[0m
[0mGET /asset/project1/level3/pano/tiles/night_pano_after/cf_2/l_2/c_0/tile_2.jpg [36m304 [0m0.474 ms - -[0m
[0mGET /asset/project1/level3/pano/tiles/night_pano_after/cf_2/l_2/c_0/tile_3.jpg [36m304 [0m0.421 ms - -[0m
[0mGET /asset/project1/level3/pano/tiles/night_pano_after/cf_2/l_2/c_0/tile_0.jpg [36m304 [0m0.211 ms - -[0m
[0mGET /asset/project1/level3/pano/tiles/night_pano_after/cf_3/l_1/c_0/tile_1.jpg [36m304 [0m1.080 ms - -[0m
[0mGET /asset/project1/level3/pano/tiles/night_pano_after/cf_3/l_1/c_0/tile_0.jpg [36m304 [0m0.310 ms - -[0m
[0mGET /asset/project1/level3/pano/pano.xml [32m200 [0m0.520 ms - 4301[0m
[0mGET /images/ht_node_visited.svg [32m200 [0m1.597 ms - 3178[0m
[0mGET /images/ht_node_visited__o.svg [32m200 [0m1.590 ms - 3244[0m
[0mGET /images/ht_node_image__o.svg [32m200 [0m0.431 ms - 2788[0m
[0mGET /asset/project1/level3/pano/tiles/night_pano_after/cf_0/l_0/c_0/tile_0.jpg [32m200 [0m1.240 ms - 68878[0m
[0mGET /asset/project1/level3/pano/tiles/night_pano_after/cf_1/l_1/c_1/tile_1.jpg [36m304 [0m0.724 ms - -[0m
[0mGET /asset/project1/level3/pano/tiles/night_pano_after/cf_1/l_2/c_3/tile_0.jpg [36m304 [0m0.876 ms - -[0m
[0mGET /asset/project1/level3/pano/tiles/night_pano_after/cf_1/l_2/c_3/tile_1.jpg [36m304 [0m0.731 ms - -[0m
[0mGET /asset/project1/level3/pano/tiles/night_pano_after/cf_1/l_2/c_3/tile_2.jpg [36m304 [0m0.591 ms - -[0m
[0mGET /asset/project1/level3/pano/tiles/night_pano_after/cf_1/l_1/c_1/tile_0.jpg [36m304 [0m0.187 ms - -[0m
[0mGET /asset/project1/level3/pano/tiles/night_pano_after/cf_1/l_2/c_3/tile_3.jpg [36m304 [0m0.940 ms - -[0m
[0mGET /images/ht_node_image.svg [32m200 [0m3.609 ms - 2781[0m
[0mGET /images/checkmark_tick.svg [32m200 [0m3.789 ms - 1164[0m
[0mGET /images/preview_nodeimage_node2.png [32m200 [0m4.915 ms - 90949[0m
[0mGET /asset/project1/level3/pano/tiles/night_pano_after/cf_1/l_0/c_0/tile_0.jpg [32m200 [0m0.594 ms - 90693[0m
[0mGET /asset/project1/level3/pano/tiles/night_pano_after/cf_6/l_0/c_0/tile_0.jpg [32m200 [0m1.454 ms - 8426[0m
[0mGET /asset/project1/level3/pano/tiles/night_pano_after/cf_2/l_0/c_0/tile_0.jpg [32m200 [0m0.565 ms - 82334[0m
[0mGET /asset/project1/level3/pano/tiles/night_pano_after/cf_3/l_0/c_0/tile_0.jpg [32m200 [0m0.517 ms - 70447[0m
[0mGET /asset/project1/level3/pano/tiles/night_pano_after/cf_1/l_1/c_1/tile_1.jpg [32m200 [0m1.507 ms - 82689[0m
[0mGET /asset/project1/level3/pano/tiles/night_pano_after/cf_1/l_1/c_1/tile_0.jpg [32m200 [0m1.433 ms - 92641[0m
[0mGET /asset/project1/level3/pano/tiles/night_pano_after/cf_4/l_0/c_0/tile_0.jpg [32m200 [0m0.554 ms - 46138[0m
[0mGET /asset/project1/level3/pano/tiles/night_pano_after/cf_5/l_0/c_0/tile_0.jpg [32m200 [0m0.509 ms - 40941[0m
[0mGET /asset/project1/level3/pano/tiles/night_pano_after/cf_1/l_2/c_2/tile_2.jpg [36m304 [0m0.653 ms - -[0m
[0mGET /asset/project1/level3/pano/tiles/night_pano_after/cf_1/l_2/c_2/tile_1.jpg [36m304 [0m0.653 ms - -[0m
[0mGET /asset/project1/level3/pano/tiles/night_pano_after/cf_1/l_2/c_2/tile_3.jpg [36m304 [0m0.639 ms - -[0m
[0mGET /asset/project1/level3/pano/tiles/night_pano_after/cf_1/l_2/c_2/tile_0.jpg [36m304 [0m0.158 ms - -[0m
[0mGET /asset/project1/level3/pano/tiles/night_pano_after/cf_0/l_1/c_0/tile_0.jpg [32m200 [0m0.524 ms - 62709[0m
[0mGET /asset/project1/level3/pano/tiles/night_pano_after/cf_0/l_1/c_0/tile_1.jpg [32m200 [0m0.536 ms - 45335[0m
[0mGET /asset/project1/level3/pano/tiles/night_pano_after/cf_2/l_1/c_1/tile_0.jpg [36m304 [0m0.317 ms - -[0m
[0mGET /asset/project1/level3/pano/tiles/night_pano_after/cf_2/l_1/c_1/tile_1.jpg [36m304 [0m0.185 ms - -[0m
[0mGET /asset/project1/level3/pano/tiles/night_pano_after/cf_3/l_1/c_1/tile_0.jpg [32m200 [0m0.341 ms - 58150[0m
[0mGET /asset/project1/level3/pano/tiles/night_pano_after/cf_3/l_1/c_1/tile_1.jpg [32m200 [0m0.516 ms - 55058[0m
[0mGET /asset/project1/level3/pano/tiles/night_pano_after/cf_1/l_1/c_0/tile_1.jpg [36m304 [0m0.304 ms - -[0m
[0mGET /asset/project1/level3/pano/tiles/night_pano_after/cf_1/l_2/c_1/tile_1.jpg [36m304 [0m0.473 ms - -[0m
[0mGET /asset/project1/level3/pano/tiles/night_pano_after/cf_1/l_2/c_1/tile_2.jpg [36m304 [0m0.485 ms - -[0m
[0mGET /asset/project1/level3/pano/tiles/night_pano_after/cf_1/l_2/c_1/tile_0.jpg [36m304 [0m0.572 ms - -[0m
[0mGET /asset/project1/level3/pano/tiles/night_pano_after/cf_1/l_1/c_0/tile_0.jpg [36m304 [0m0.500 ms - -[0m
[0mGET /asset/project1/level3/pano/tiles/night_pano_after/cf_1/l_2/c_1/tile_3.jpg [36m304 [0m0.215 ms - -[0m
[0mGET /asset/project1/level3/pano/tiles/night_pano_after/cf_3/l_1/c_0/tile_0.jpg [32m200 [0m0.816 ms - 71920[0m
[0mGET /asset/project1/level3/pano/tiles/night_pano_after/cf_3/l_1/c_0/tile_1.jpg [32m200 [0m0.304 ms - 62258[0m
[0mGET /asset/project1/level3/pano/tiles/night_pano_after/cf_1/l_1/c_0/tile_1.jpg [32m200 [0m1.464 ms - 61881[0m
[0mGET /asset/project1/level3/pano/tiles/night_pano_after/cf_1/l_1/c_0/tile_0.jpg [32m200 [0m0.737 ms - 90991[0m
[0mGET /asset/project1/level3/pano/tiles/night_pano_after/cf_1/l_2/c_0/tile_2.jpg [36m304 [0m0.675 ms - -[0m
[0mGET /asset/project1/level3/pano/tiles/night_pano_after/cf_1/l_2/c_0/tile_1.jpg [36m304 [0m0.702 ms - -[0m
[0mGET /asset/project1/level3/pano/tiles/night_pano_after/cf_1/l_2/c_0/tile_3.jpg [36m304 [0m0.719 ms - -[0m
[0mGET /asset/project1/level3/pano/tiles/night_pano_after/cf_1/l_2/c_0/tile_0.jpg [36m304 [0m0.177 ms - -[0m
[0mGET /asset/project1/level3/pano/tiles/night_pano_after/cf_2/l_1/c_0/tile_1.jpg [36m304 [0m0.468 ms - -[0m
[0mGET /asset/project1/level3/pano/tiles/night_pano_after/cf_2/l_1/c_0/tile_0.jpg [36m304 [0m0.489 ms - -[0m
[0mGET /asset/project1/level3/pano/tiles/night_pano_after/cf_0/l_1/c_1/tile_1.jpg [36m304 [0m0.324 ms - -[0m
[0mGET /asset/project1/level3/pano/tiles/night_pano_after/cf_0/l_2/c_3/tile_1.jpg [36m304 [0m0.338 ms - -[0m
[0mGET /asset/project1/level3/pano/tiles/night_pano_after/cf_0/l_2/c_3/tile_2.jpg [36m304 [0m0.343 ms - -[0m
[0mGET /asset/project1/level3/pano/tiles/night_pano_after/cf_0/l_2/c_3/tile_0.jpg [36m304 [0m0.186 ms - -[0m
[0mGET /asset/project1/level3/pano/tiles/night_pano_after/cf_0/l_1/c_1/tile_0.jpg [36m304 [0m0.181 ms - -[0m
[0mGET /asset/project1/level3/pano/tiles/night_pano_after/cf_0/l_2/c_3/tile_3.jpg [36m304 [0m0.199 ms - -[0m
[0mGET /asset/project1/level3/pano/tiles/night_pano_after/cf_2/l_1/c_1/tile_0.jpg [32m200 [0m0.521 ms - 67328[0m
[0mGET /asset/project1/level3/pano/tiles/night_pano_after/cf_2/l_1/c_1/tile_1.jpg [32m200 [0m0.315 ms - 51824[0m
[0mGET /asset/project1/level3/pano/tiles/night_pano_after/cf_0/l_1/c_1/tile_1.jpg [32m200 [0m0.845 ms - 58770[0m
[0mGET /asset/project1/level3/pano/tiles/night_pano_after/cf_0/l_1/c_1/tile_0.jpg [32m200 [0m1.024 ms - 75891[0m
[0mGET /asset/project1/level3/pano/tiles/night_pano_after/cf_0/l_2/c_2/tile_1.jpg [36m304 [0m0.662 ms - -[0m
[0mGET /asset/project1/level3/pano/tiles/night_pano_after/cf_0/l_2/c_2/tile_2.jpg [36m304 [0m0.668 ms - -[0m
[0mGET /asset/project1/level3/pano/tiles/night_pano_after/cf_0/l_2/c_2/tile_3.jpg [36m304 [0m0.638 ms - -[0m
[0mGET /asset/project1/level3/pano/tiles/night_pano_after/cf_0/l_2/c_2/tile_0.jpg [36m304 [0m0.168 ms - -[0m
[0mGET /asset/project1/level3/pano/tiles/night_pano_after/cf_1/l_1/c_1/tile_1.jpg [36m304 [0m2.847 ms - -[0m
[0mGET /asset/project1/level3/pano/tiles/night_pano_after/cf_1/l_1/c_1/tile_0.jpg [36m304 [0m0.713 ms - -[0m
[0mGET /asset/project1/level3/pano/tiles/night_pano_after/cf_0/l_2/c_1/tile_1.jpg [36m304 [0m0.280 ms - -[0m
[0mGET /asset/project1/level3/pano/tiles/night_pano_after/cf_0/l_2/c_1/tile_2.jpg [36m304 [0m0.151 ms - -[0m
[0mGET /asset/project1/level3/pano/tiles/night_pano_after/cf_0/l_2/c_1/tile_0.jpg [36m304 [0m0.148 ms - -[0m
[0mGET /asset/project1/level3/pano/tiles/night_pano_after/cf_0/l_2/c_1/tile_3.jpg [36m304 [0m0.164 ms - -[0m
[0mGET /asset/project1/level3/pano/tiles/night_pano_after/cf_2/l_1/c_0/tile_1.jpg [32m200 [0m0.540 ms - 76988[0m
[0mGET /asset/project1/level3/pano/tiles/night_pano_after/cf_2/l_1/c_0/tile_0.jpg [32m200 [0m0.585 ms - 103304[0m
[0mGET /asset/project1/level3/pano/tiles/night_pano_after/cf_0/l_1/c_0/tile_0.jpg [36m304 [0m0.277 ms - -[0m
[0mGET /asset/project1/level3/pano/tiles/night_pano_after/cf_0/l_1/c_0/tile_1.jpg [36m304 [0m0.165 ms - -[0m
[0mGET /asset/project1/level3/pano/tiles/night_pano_after/cf_1/l_1/c_0/tile_1.jpg [36m304 [0m0.307 ms - -[0m
[0mGET /asset/project1/level3/pano/tiles/night_pano_after/cf_1/l_1/c_0/tile_0.jpg [36m304 [0m0.151 ms - -[0m
[0mGET /asset/project1/level3/pano/tiles/night_pano_after/cf_1/l_1/c_1/tile_0.jpg [32m200 [0m0.536 ms - 92641[0m
[0mGET /asset/project1/level3/pano/tiles/night_pano_after/cf_1/l_1/c_1/tile_1.jpg [32m200 [0m0.339 ms - 82689[0m
[0mGET /asset/project1/level3/pano/tiles/sun_pano_after/cf_6/l_0/c_0/tile_0.jpg [32m200 [0m0.535 ms - 8165[0m
[0mGET /asset/project1/level3/pano/tiles/sun_pano_after/cf_0/l_0/c_0/tile_0.jpg [32m200 [0m0.355 ms - 68228[0m
[0mGET /images/ht_node_image.svg [36m304 [0m0.475 ms - -[0m
[0mGET /images/ht_node_visited.svg [36m304 [0m0.420 ms - -[0m
[0mGET /images/ht_node_visited__o.svg [36m304 [0m0.275 ms - -[0m
[0mGET /images/ht_node_image__o.svg [36m304 [0m0.355 ms - -[0m
[0mGET /images/preview_nodeimage_node3.png [32m200 [0m0.330 ms - 80675[0m
[0mGET /images/checkmark_tick.svg [36m304 [0m0.173 ms - -[0m
[0mGET /asset/project1/level3/pano/tiles/sun_pano_after/cf_1/l_0/c_0/tile_0.jpg [32m200 [0m0.509 ms - 91589[0m
[0mGET /asset/project1/level3/pano/tiles/sun_pano_after/cf_2/l_0/c_0/tile_0.jpg [32m200 [0m0.449 ms - 86083[0m
[0mGET /asset/project1/level3/pano/tiles/sun_pano_after/cf_3/l_0/c_0/tile_0.jpg [32m200 [0m0.330 ms - 83838[0m
[0mGET /asset/project1/level3/pano/tiles/sun_pano_after/cf_5/l_0/c_0/tile_0.jpg [32m200 [0m0.567 ms - 64573[0m
[0mGET /asset/project1/level3/pano/tiles/sun_pano_after/cf_4/l_0/c_0/tile_0.jpg [32m200 [0m0.627 ms - 50828[0m
[0mGET /asset/project1/level3/pano/tiles/sun_pano_after/cf_0/l_1/c_0/tile_0.jpg [32m200 [0m0.394 ms - 73073[0m
[0mGET /asset/project1/level3/pano/tiles/sun_pano_after/cf_0/l_1/c_1/tile_0.jpg [32m200 [0m0.318 ms - 72663[0m
[0mGET /asset/project1/level3/pano/tiles/sun_pano_after/cf_0/l_1/c_0/tile_1.jpg [32m200 [0m0.419 ms - 52334[0m
[0mGET /asset/project1/level3/pano/tiles/sun_pano_after/cf_0/l_1/c_1/tile_1.jpg [32m200 [0m0.368 ms - 52402[0m
[0mGET /images/preview_nodeimage_node3.png [36m304 [0m2.841 ms - -[0m
[0mGET /asset/project1/level3/pano/tiles/sun_pano_after/cf_3/l_0/c_0/tile_0.jpg [36m304 [0m2.172 ms - -[0m
[0mGET /asset/project1/level3/pano/tiles/sun_pano_after/cf_0/l_0/c_0/tile_0.jpg [36m304 [0m2.179 ms - -[0m
[0mGET /asset/project1/level3/pano/tiles/sun_pano_after/cf_1/l_0/c_0/tile_0.jpg [36m304 [0m2.196 ms - -[0m
[0mGET /asset/project1/level3/pano/tiles/sun_pano_after/cf_2/l_0/c_0/tile_0.jpg [36m304 [0m2.187 ms - -[0m
[0mGET /asset/project1/level3/pano/tiles/sun_pano_after/cf_6/l_0/c_0/tile_0.jpg [36m304 [0m0.147 ms - -[0m
[0mGET /asset/project1/level3/pano/tiles/sun_pano_after/cf_4/l_0/c_0/tile_0.jpg [36m304 [0m0.160 ms - -[0m
[0mGET /asset/project1/level3/pano/tiles/sun_pano_after/cf_0/l_1/c_0/tile_0.jpg [36m304 [0m0.146 ms - -[0m
[0mGET /asset/project1/level3/pano/tiles/sun_pano_after/cf_0/l_1/c_1/tile_0.jpg [36m304 [0m0.148 ms - -[0m
[0mGET /asset/project1/level3/pano/tiles/sun_pano_after/cf_0/l_1/c_0/tile_1.jpg [36m304 [0m0.139 ms - -[0m
[0mGET /asset/project1/level3/pano/tiles/sun_pano_after/cf_5/l_0/c_0/tile_0.jpg [36m304 [0m0.141 ms - -[0m
[0mGET /asset/project1/level3/pano/tiles/sun_pano_after/cf_0/l_1/c_1/tile_1.jpg [36m304 [0m0.157 ms - -[0m
[0mGET /asset/project1/level3/pano/tiles/sun_pano_after/cf_1/l_1/c_0/tile_0.jpg [36m304 [0m0.154 ms - -[0m
[0mGET /asset/project1/level3/pano/tiles/sun_pano_after/cf_3/l_1/c_1/tile_0.jpg [36m304 [0m0.135 ms - -[0m
[0mGET /asset/project1/level3/pano/tiles/sun_pano_after/cf_1/l_1/c_0/tile_1.jpg [36m304 [0m0.152 ms - -[0m
[0mGET /asset/project1/level3/pano/tiles/sun_pano_after/cf_3/l_1/c_1/tile_1.jpg [36m304 [0m0.134 ms - -[0m
[0mGET /asset/project1/level3/pano/tiles/sun_pano_after/cf_0/l_2/c_0/tile_0.jpg [36m304 [0m0.793 ms - -[0m
[0mGET /asset/project1/level3/pano/tiles/sun_pano_after/cf_0/l_2/c_1/tile_0.jpg [36m304 [0m0.139 ms - -[0m
[0mGET /asset/project1/level3/pano/tiles/sun_pano_after/cf_0/l_2/c_2/tile_0.jpg [36m304 [0m0.149 ms - -[0m
[0mGET /asset/project1/level3/pano/tiles/sun_pano_after/cf_0/l_2/c_0/tile_1.jpg [36m304 [0m0.140 ms - -[0m
[0mGET /asset/project1/level3/pano/tiles/sun_pano_after/cf_0/l_2/c_3/tile_0.jpg [36m304 [0m0.154 ms - -[0m
[0mGET /asset/project1/level3/pano/tiles/sun_pano_after/cf_0/l_2/c_1/tile_1.jpg [36m304 [0m0.154 ms - -[0m
[0mGET /asset/project1/level3/pano/tiles/sun_pano_after/cf_0/l_2/c_2/tile_1.jpg [36m304 [0m0.153 ms - -[0m
[0mGET /asset/project1/level3/pano/tiles/sun_pano_after/cf_0/l_2/c_3/tile_1.jpg [36m304 [0m0.141 ms - -[0m
[0mGET /asset/project1/level3/pano/tiles/sun_pano_after/cf_0/l_2/c_0/tile_2.jpg [36m304 [0m0.183 ms - -[0m
[0mGET /asset/project1/level3/pano/tiles/sun_pano_after/cf_0/l_2/c_1/tile_2.jpg [36m304 [0m0.142 ms - -[0m
[0mGET /asset/project1/level3/pano/tiles/sun_pano_after/cf_0/l_2/c_2/tile_2.jpg [36m304 [0m0.137 ms - -[0m
[0mGET /asset/project1/level3/pano/tiles/sun_pano_after/cf_0/l_2/c_3/tile_2.jpg [36m304 [0m0.194 ms - -[0m
[0mGET /asset/project1/level3/pano/tiles/sun_pano_after/cf_0/l_2/c_0/tile_3.jpg [36m304 [0m0.157 ms - -[0m
[0mGET /asset/project1/level3/pano/tiles/sun_pano_after/cf_0/l_2/c_2/tile_3.jpg [36m304 [0m0.176 ms - -[0m
[0mGET /asset/project1/level3/pano/tiles/sun_pano_after/cf_0/l_2/c_1/tile_3.jpg [36m304 [0m0.178 ms - -[0m
[0mGET /asset/project1/level3/pano/tiles/sun_pano_after/cf_0/l_2/c_3/tile_3.jpg [36m304 [0m0.139 ms - -[0m
[0mGET /asset/project1/level3/pano/tiles/sun_pano_after/cf_1/l_2/c_0/tile_0.jpg [36m304 [0m0.172 ms - -[0m
[0mGET /asset/project1/level3/pano/tiles/sun_pano_after/cf_1/l_2/c_0/tile_1.jpg [36m304 [0m0.164 ms - -[0m
[0mGET /asset/project1/level3/pano/tiles/sun_pano_after/cf_1/l_2/c_0/tile_2.jpg [36m304 [0m0.171 ms - -[0m
[0mGET /asset/project1/level3/pano/tiles/sun_pano_after/cf_1/l_2/c_0/tile_3.jpg [36m304 [0m0.160 ms - -[0m
[0mGET /asset/project1/level3/pano/tiles/sun_pano_after/cf_3/l_2/c_3/tile_0.jpg [36m304 [0m0.140 ms - -[0m
[0mGET /asset/project1/level3/pano/tiles/sun_pano_after/cf_3/l_2/c_3/tile_1.jpg [36m304 [0m0.214 ms - -[0m
[0mGET /asset/project1/level3/pano/tiles/sun_pano_after/cf_3/l_2/c_3/tile_2.jpg [36m304 [0m0.145 ms - -[0m
[0mGET /asset/project1/level3/pano/tiles/sun_pano_after/cf_3/l_2/c_3/tile_3.jpg [36m304 [0m0.164 ms - -[0m
[0mGET /asset/project1/level3/pano/tiles/night_pano_after/cf_0/l_1/c_1/tile_1.jpg [36m304 [0m0.358 ms - -[0m
[0mGET /asset/project1/level3/pano/tiles/night_pano_after/cf_0/l_1/c_1/tile_0.jpg [36m304 [0m0.150 ms - -[0m
[0mGET /asset/project1/level3/pano/tiles/sun_pano_after/cf_3/l_1/c_1/tile_0.jpg [32m200 [0m1.066 ms - 93447[0m
[0mGET /asset/project1/level3/pano/tiles/sun_pano_after/cf_3/l_1/c_1/tile_1.jpg [32m200 [0m0.546 ms - 59869[0m
[0mGET /asset/project1/level3/pano/tiles/sun_pano_after/cf_3/l_2/c_2/tile_0.jpg [36m304 [0m0.438 ms - -[0m
[0mGET /asset/project1/level3/pano/tiles/sun_pano_after/cf_3/l_2/c_2/tile_1.jpg [36m304 [0m0.481 ms - -[0m
[0mGET /asset/project1/level3/pano/tiles/sun_pano_after/cf_3/l_2/c_2/tile_3.jpg [36m304 [0m0.138 ms - -[0m
[0mGET /asset/project1/level3/pano/tiles/sun_pano_after/cf_3/l_2/c_2/tile_2.jpg [36m304 [0m0.140 ms - -[0m
[0mGET /asset/project1/level3/pano/tiles/sun_pano_after/cf_4/l_1/c_0/tile_1.jpg [32m200 [0m0.484 ms - 36146[0m
[0mGET /asset/project1/level3/pano/tiles/night_pano_after/cf_1/l_1/c_0/tile_0.jpg [32m200 [0m0.521 ms - 90991[0m
[0mGET /asset/project1/level3/pano/tiles/night_pano_after/cf_1/l_1/c_0/tile_1.jpg [32m200 [0m1.472 ms - 61881[0m
[0mGET /asset/project1/level3/pano/tiles/sun_pano_after/cf_3/l_1/c_0/tile_0.jpg [36m304 [0m0.310 ms - -[0m
[0mGET /asset/project1/level3/pano/tiles/sun_pano_after/cf_3/l_1/c_0/tile_1.jpg [36m304 [0m0.554 ms - -[0m
[0mGET /asset/project1/level3/pano/tiles/sun_pano_after/cf_3/l_2/c_1/tile_1.jpg [36m304 [0m0.538 ms - -[0m
[0mGET /asset/project1/level3/pano/tiles/sun_pano_after/cf_3/l_2/c_1/tile_0.jpg [36m304 [0m0.534 ms - -[0m
[0mGET /asset/project1/level3/pano/tiles/sun_pano_after/cf_3/l_2/c_1/tile_2.jpg [36m304 [0m0.176 ms - -[0m
[0mGET /asset/project1/level3/pano/tiles/sun_pano_after/cf_3/l_2/c_1/tile_3.jpg [36m304 [0m0.170 ms - -[0m
[0mGET /asset/project1/level3/pano/tiles/night_pano_after/cf_0/l_1/c_0/tile_0.jpg [36m304 [0m0.291 ms - -[0m
[0mGET /asset/project1/level3/pano/tiles/night_pano_after/cf_0/l_1/c_0/tile_1.jpg [36m304 [0m0.182 ms - -[0m
[0mGET /asset/project1/level3/pano/tiles/sun_pano_after/cf_3/l_1/c_0/tile_1.jpg [32m200 [0m0.841 ms - 74245[0m
[0mGET /asset/project1/level3/pano/tiles/sun_pano_after/cf_3/l_1/c_0/tile_0.jpg [32m200 [0m1.238 ms - 98133[0m
[0mGET /asset/project1/level3/pano/media/river01.mp3 [32m206 [0m0.695 ms - 2[0m
[0mGET /asset/project1/level3/pano/tiles/sun_pano_after/cf_3/l_2/c_0/tile_2.jpg [36m304 [0m0.374 ms - -[0m
[0mGET /asset/project1/level3/pano/tiles/sun_pano_after/cf_3/l_2/c_0/tile_1.jpg [36m304 [0m0.432 ms - -[0m
[0mGET /asset/project1/level3/pano/tiles/sun_pano_after/cf_3/l_2/c_0/tile_3.jpg [36m304 [0m0.154 ms - -[0m
[0mGET /asset/project1/level3/pano/tiles/sun_pano_after/cf_3/l_2/c_0/tile_0.jpg [36m304 [0m0.164 ms - -[0m
[0mGET /asset/project1/level3/pano/media/river01.mp3 [32m206 [0m0.593 ms - 326860[0m
[0mGET /asset/project1/level3/pano/tiles/night_pano_after/cf_0/l_1/c_1/tile_1.jpg [32m200 [0m0.491 ms - 58770[0m
[0mGET /asset/project1/level3/pano/media/river01.mp3 [32m206 [0m0.594 ms - 900300[0m
[0mGET /asset/project1/level3/pano/tiles/night_pano_after/cf_0/l_1/c_1/tile_0.jpg [32m200 [0m0.487 ms - 75891[0m
[0mGET /asset/project1/level3/pano/tiles/sun_pano_after/cf_6/l_0/c_0/tile_0.jpg [32m200 [0m0.455 ms - 8165[0m
[0mGET /asset/project1/level3/pano/tiles/sun_pano_after/cf_2/l_1/c_1/tile_1.jpg [36m304 [0m0.179 ms - -[0m
[0mGET /asset/project1/level3/pano/tiles/sun_pano_after/cf_2/l_2/c_3/tile_0.jpg [36m304 [0m0.168 ms - -[0m
[0mGET /asset/project1/level3/pano/tiles/sun_pano_after/cf_2/l_2/c_3/tile_2.jpg [36m304 [0m0.151 ms - -[0m
[0mGET /asset/project1/level3/pano/tiles/sun_pano_after/cf_2/l_2/c_3/tile_1.jpg [36m304 [0m0.189 ms - -[0m
[0mGET /asset/project1/level3/pano/tiles/sun_pano_after/cf_2/l_1/c_1/tile_0.jpg [36m304 [0m0.176 ms - -[0m
[0mGET /asset/project1/level3/pano/tiles/sun_pano_after/cf_0/l_0/c_0/tile_0.jpg [32m200 [0m0.390 ms - 68228[0m
[0mGET /asset/project1/level3/pano/tiles/sun_pano_after/cf_2/l_2/c_3/tile_3.jpg [36m304 [0m0.179 ms - -[0m
[0mGET /images/ht_node_visited.svg [36m304 [0m0.184 ms - -[0m
[0mGET /images/ht_node_image.svg [36m304 [0m0.293 ms - -[0m
[0mGET /images/ht_node_visited__o.svg [36m304 [0m0.285 ms - -[0m
[0mGET /images/ht_node_image__o.svg [36m304 [0m0.154 ms - -[0m
[0mGET /images/checkmark_tick.svg [36m304 [0m0.144 ms - -[0m
[0mGET /images/preview_nodeimage_node3.png [32m200 [0m0.286 ms - 80675[0m
[0mGET /asset/project1/level3/pano/tiles/sun_pano_after/cf_1/l_0/c_0/tile_0.jpg [32m200 [0m0.284 ms - 91589[0m
[0mGET /asset/project1/level3/pano/tiles/sun_pano_after/cf_3/l_0/c_0/tile_0.jpg [32m200 [0m0.722 ms - 83838[0m
[0mGET /asset/project1/level3/pano/tiles/sun_pano_after/cf_2/l_0/c_0/tile_0.jpg [32m200 [0m1.697 ms - 86083[0m
[0mGET /asset/project1/level3/pano/tiles/sun_pano_after/cf_4/l_0/c_0/tile_0.jpg [32m200 [0m0.478 ms - 50828[0m
[0mGET /asset/project1/level3/pano/tiles/sun_pano_after/cf_5/l_0/c_0/tile_0.jpg [32m200 [0m0.325 ms - 64573[0m
[0mGET /asset/project1/level3/pano/tiles/sun_pano_after/cf_0/l_1/c_0/tile_0.jpg [32m200 [0m0.377 ms - 73073[0m
[0mGET /asset/project1/level3/pano/tiles/sun_pano_after/cf_0/l_1/c_1/tile_0.jpg [32m200 [0m0.293 ms - 72663[0m
[0mGET /asset/project1/level3/pano/tiles/sun_pano_after/cf_0/l_1/c_0/tile_1.jpg [32m200 [0m1.721 ms - 52334[0m
[0mGET /asset/project1/level3/pano/tiles/sun_pano_after/cf_0/l_1/c_1/tile_1.jpg [32m200 [0m0.470 ms - 52402[0m
[0mGET /asset/project1/level3/pano/tiles/sun_pano_after/cf_2/l_1/c_1/tile_0.jpg [32m200 [0m0.593 ms - 100095[0m
[0mGET /asset/project1/level3/pano/tiles/sun_pano_after/cf_2/l_1/c_1/tile_1.jpg [32m200 [0m0.388 ms - 65662[0m
[0mGET /asset/project1/level3/pano/tiles/sun_pano_after/cf_2/l_2/c_2/tile_2.jpg [36m304 [0m0.653 ms - -[0m
[0mGET /asset/project1/level3/pano/tiles/sun_pano_after/cf_2/l_2/c_2/tile_1.jpg [36m304 [0m0.669 ms - -[0m
[0mGET /asset/project1/level3/pano/tiles/sun_pano_after/cf_2/l_2/c_2/tile_3.jpg [36m304 [0m0.668 ms - -[0m
[0mGET /asset/project1/level3/pano/tiles/sun_pano_after/cf_2/l_2/c_2/tile_0.jpg [36m304 [0m0.262 ms - -[0m
[0mGET /asset/project1/level3/pano/tiles/sun_pano_after/cf_4/l_1/c_0/tile_0.jpg [32m200 [0m0.843 ms - 52148[0m
[0mGET /asset/project1/level3/pano/tiles/sun_pano_after/cf_3/l_1/c_1/tile_1.jpg [32m200 [0m0.495 ms - 59869[0m
[0mGET /asset/project1/level3/pano/tiles/sun_pano_after/cf_3/l_1/c_1/tile_0.jpg [32m200 [0m0.324 ms - 93447[0m
[0mGET /asset/project1/level3/pano/tiles/night_pano_after/cf_0/l_1/c_0/tile_1.jpg [36m304 [0m0.303 ms - -[0m
[0mGET /asset/project1/level3/pano/media/river01.mp3 [32m206 [0m0.747 ms - 887862[0m
[0mGET /asset/project1/level3/pano/tiles/night_pano_after/cf_0/l_1/c_0/tile_0.jpg [36m304 [0m0.291 ms - -[0m
[0mGET /asset/project1/level3/pano/tiles/sun_pano_after/cf_2/l_1/c_0/tile_1.jpg [36m304 [0m0.321 ms - -[0m
[0mGET /asset/project1/level3/pano/tiles/sun_pano_after/cf_2/l_2/c_1/tile_0.jpg [36m304 [0m1.476 ms - -[0m
[0mGET /asset/project1/level3/pano/tiles/sun_pano_after/cf_2/l_2/c_1/tile_1.jpg [36m304 [0m0.524 ms - -[0m
[0mGET /asset/project1/level3/pano/tiles/sun_pano_after/cf_2/l_2/c_1/tile_2.jpg [36m304 [0m0.519 ms - -[0m
[0mGET /asset/project1/level3/pano/tiles/sun_pano_after/cf_2/l_1/c_0/tile_0.jpg [36m304 [0m0.155 ms - -[0m
[0mGET /asset/project1/level3/pano/tiles/sun_pano_after/cf_2/l_2/c_1/tile_3.jpg [36m304 [0m0.169 ms - -[0m
[0mGET /asset/project1/level3/pano/tiles/sun_pano_after/cf_2/l_1/c_0/tile_1.jpg [32m200 [0m0.864 ms - 65468[0m
[0mGET /asset/project1/level3/pano/tiles/sun_pano_after/cf_2/l_1/c_0/tile_0.jpg [32m200 [0m0.826 ms - 102890[0m
[0mGET /asset/project1/level3/pano/tiles/sun_pano_after/cf_2/l_2/c_0/tile_2.jpg [36m304 [0m0.698 ms - -[0m
[0mGET /asset/project1/level3/pano/tiles/sun_pano_after/cf_2/l_2/c_0/tile_3.jpg [36m304 [0m0.737 ms - -[0m
[0mGET /asset/project1/level3/pano/tiles/sun_pano_after/cf_2/l_2/c_0/tile_1.jpg [36m304 [0m0.725 ms - -[0m
[0mGET /asset/project1/level3/pano/tiles/sun_pano_after/cf_2/l_2/c_0/tile_0.jpg [36m304 [0m0.175 ms - -[0m
[0mGET /asset/project1/level3/pano/tiles/sun_pano_after/cf_3/l_1/c_0/tile_1.jpg [32m200 [0m0.489 ms - 74245[0m
[0mGET /asset/project1/level3/pano/tiles/sun_pano_after/cf_3/l_1/c_0/tile_0.jpg [32m200 [0m0.288 ms - 98133[0m
[0mGET /asset/project1/level3/pano/tiles/night_pano_after/cf_3/l_1/c_1/tile_0.jpg [36m304 [0m0.303 ms - -[0m
[0mGET / [32m200 [0m2.739 ms - 7063[0m
[0mGET /css/font-awesome.min.css [32m200 [0m0.722 ms - 22508[0m
[0mGET /img/user.png [32m200 [0m0.875 ms - 3889[0m
[0mGET /images/avatar.jpg [32m200 [0m0.893 ms - 16282[0m
[0mGET /img/m_logo.png [32m200 [0m1.078 ms - 51283[0m
[0mGET /asset/project1/level3/pano/tiles/night_pano_after/cf_3/l_1/c_1/tile_1.jpg [36m304 [0m0.303 ms - -[0m
[0mGET /asset/project1/level3/pano/tiles/sun_pano_after/cf_1/l_1/c_1/tile_1.jpg [36m304 [0m0.357 ms - -[0m
[0mGET /asset/project1/level3/pano/tiles/sun_pano_after/cf_1/l_2/c_3/tile_1.jpg [36m304 [0m0.596 ms - -[0m
[0mGET /asset/project1/level3/pano/tiles/sun_pano_after/cf_1/l_2/c_3/tile_0.jpg [36m304 [0m0.543 ms - -[0m
[0mGET /asset/project1/level3/pano/tiles/sun_pano_after/cf_1/l_2/c_3/tile_2.jpg [36m304 [0m0.541 ms - -[0m
[0mGET /asset/project1/level3/pano/tiles/sun_pano_after/cf_1/l_1/c_1/tile_0.jpg [36m304 [0m0.166 ms - -[0m
[0mGET /asset/project1/level3/pano/tiles/sun_pano_after/cf_1/l_2/c_3/tile_3.jpg [36m304 [0m0.194 ms - -[0m
[0mGET /asset/project1/level3/pano/tiles/sun_pano_after/cf_1/l_2/c_2/tile_1.jpg [36m304 [0m0.320 ms - -[0m
[0mGET /asset/project1/level3/pano/tiles/sun_pano_after/cf_1/l_2/c_2/tile_3.jpg [36m304 [0m0.172 ms - -[0m
[0mGET /asset/project1/level3/pano/tiles/sun_pano_after/cf_1/l_2/c_2/tile_2.jpg [36m304 [0m0.176 ms - -[0m
[0mGET /asset/project1/level3/pano/tiles/sun_pano_after/cf_1/l_2/c_2/tile_0.jpg [36m304 [0m0.165 ms - -[0m
[0mGET /asset/project1/level3/pano/tiles/sun_pano_after/cf_2/l_1/c_1/tile_0.jpg [36m304 [0m0.638 ms - -[0m
[0mGET /asset/project1/level3/pano/tiles/sun_pano_after/cf_2/l_1/c_1/tile_1.jpg [36m304 [0m0.192 ms - -[0m
[0mGET /asset/project1/level3/pano/tiles/night_pano_after/cf_3/l_1/c_0/tile_1.jpg [36m304 [0m0.297 ms - -[0m
[0mGET /asset/project1/level3/pano/tiles/night_pano_after/cf_3/l_1/c_0/tile_0.jpg [36m304 [0m0.168 ms - -[0m
[0mGET /asset/project1/level3/pano/tiles/sun_pano_after/cf_1/l_1/c_0/tile_1.jpg [36m304 [0m0.295 ms - -[0m
[0mGET /asset/project1/level3/pano/tiles/sun_pano_after/cf_1/l_2/c_1/tile_2.jpg [36m304 [0m0.303 ms - -[0m
[0mGET /asset/project1/level3/pano/tiles/sun_pano_after/cf_1/l_2/c_1/tile_1.jpg [36m304 [0m0.318 ms - -[0m
[0mGET /asset/project1/level3/pano/tiles/sun_pano_after/cf_1/l_2/c_1/tile_0.jpg [36m304 [0m0.154 ms - -[0m
[0mGET /asset/project1/level3/pano/tiles/sun_pano_after/cf_1/l_1/c_0/tile_0.jpg [36m304 [0m0.172 ms - -[0m
[0mGET /asset/project1/level3/pano/tiles/sun_pano_after/cf_1/l_2/c_1/tile_3.jpg [36m304 [0m0.197 ms - -[0m
[0mGET /asset/project1/level3/pano/tiles/sun_pano_after/cf_1/l_2/c_0/tile_2.jpg [36m304 [0m0.285 ms - -[0m
[0mGET /asset/project1/level3/pano/tiles/sun_pano_after/cf_1/l_2/c_0/tile_1.jpg [36m304 [0m0.155 ms - -[0m
[0mGET /asset/project1/level3/pano/tiles/sun_pano_after/cf_1/l_2/c_0/tile_3.jpg [36m304 [0m0.158 ms - -[0m
[0mGET /asset/project1/level3/pano/tiles/sun_pano_after/cf_1/l_2/c_0/tile_0.jpg [36m304 [0m0.160 ms - -[0m
[0mGET /asset/project1/level3/pano/tiles/sun_pano_after/cf_2/l_1/c_0/tile_0.jpg [36m304 [0m0.276 ms - -[0m
[0mGET /asset/project1/level3/pano/tiles/sun_pano_after/cf_2/l_1/c_0/tile_1.jpg [36m304 [0m0.165 ms - -[0m
[0mGET /asset/project1/level3/pano/tiles/night_pano_after/cf_2/l_1/c_1/tile_0.jpg [36m304 [0m0.302 ms - -[0m
[0mGET /asset/project1/level3/pano/tiles/night_pano_after/cf_2/l_1/c_1/tile_1.jpg [36m304 [0m0.288 ms - -[0m
[0mGET /asset/project1/level3/pano/tiles/sun_pano_after/cf_0/l_1/c_1/tile_1.jpg [36m304 [0m0.342 ms - -[0m
[0mGET /asset/project1/level3/pano/tiles/sun_pano_after/cf_0/l_2/c_3/tile_0.jpg [36m304 [0m0.363 ms - -[0m
[0mGET /asset/project1/level3/pano/tiles/sun_pano_after/cf_0/l_2/c_3/tile_2.jpg [36m304 [0m0.382 ms - -[0m
[0mGET /asset/project1/level3/pano/tiles/sun_pano_after/cf_0/l_2/c_3/tile_1.jpg [36m304 [0m0.167 ms - -[0m
[0mGET /asset/project1/level3/pano/tiles/sun_pano_after/cf_0/l_1/c_1/tile_0.jpg [36m304 [0m0.169 ms - -[0m
[0mGET /asset/project1/level3/pano/tiles/sun_pano_after/cf_0/l_2/c_3/tile_3.jpg [36m304 [0m0.188 ms - -[0m
[0mGET /asset/project1/level3/pano/tiles/sun_pano_after/cf_0/l_2/c_2/tile_2.jpg [36m304 [0m0.629 ms - -[0m
[0mGET /asset/project1/level3/pano/tiles/sun_pano_after/cf_0/l_2/c_2/tile_1.jpg [36m304 [0m10.249 ms - -[0m
[0mGET /asset/project1/level3/pano/tiles/sun_pano_after/cf_0/l_2/c_2/tile_3.jpg [36m304 [0m10.313 ms - -[0m
[0mGET /asset/project1/level3/pano/tiles/sun_pano_after/cf_0/l_2/c_2/tile_0.jpg [36m304 [0m0.899 ms - -[0m
[0mGET /asset/project1/level3/pano/tiles/sun_pano_after/cf_1/l_1/c_1/tile_1.jpg [32m200 [0m0.487 ms - 74731[0m
[0mGET /asset/project1/level3/pano/tiles/sun_pano_after/cf_1/l_1/c_1/tile_0.jpg [32m200 [0m0.274 ms - 96731[0m
[0mGET /asset/project1/level3/pano/tiles/sun_pano_after/cf_0/l_2/c_1/tile_0.jpg [36m304 [0m0.643 ms - -[0m
[0mGET /asset/project1/level3/pano/tiles/sun_pano_after/cf_0/l_2/c_1/tile_1.jpg [36m304 [0m0.718 ms - -[0m
[0mGET /asset/project1/level3/pano/tiles/sun_pano_after/cf_0/l_1/c_0/tile_1.jpg [36m304 [0m0.731 ms - -[0m
[0mGET /asset/project1/level3/pano/tiles/sun_pano_after/cf_0/l_2/c_1/tile_2.jpg [36m304 [0m0.171 ms - -[0m
[0mGET /asset/project1/level3/pano/tiles/sun_pano_after/cf_0/l_1/c_0/tile_0.jpg [36m304 [0m0.154 ms - -[0m
[0mGET /asset/project1/level3/pano/tiles/sun_pano_after/cf_0/l_2/c_1/tile_3.jpg [36m304 [0m0.185 ms - -[0m
[0mGET /asset/project1/level3/pano/tiles/sun_pano_after/cf_0/l_2/c_0/tile_1.jpg [36m304 [0m0.940 ms - -[0m
[0mGET /asset/project1/level3/pano/tiles/sun_pano_after/cf_0/l_2/c_0/tile_3.jpg [36m304 [0m0.341 ms - -[0m
[0mGET /asset/project1/level3/pano/tiles/sun_pano_after/cf_0/l_2/c_0/tile_2.jpg [36m304 [0m0.352 ms - -[0m
[0mGET /asset/project1/level3/pano/tiles/sun_pano_after/cf_0/l_2/c_0/tile_0.jpg [36m304 [0m0.177 ms - -[0m
[0mGET /asset/project1/level3/pano/tiles/sun_pano_after/cf_1/l_1/c_0/tile_1.jpg [32m200 [0m0.524 ms - 67098[0m
[0mGET /asset/project1/level3/pano/tiles/sun_pano_after/cf_1/l_1/c_0/tile_0.jpg [32m200 [0m0.771 ms - 121876[0m
[0mGET /asset/project1/level3/pano/tiles/sun_pano_after/cf_3/l_1/c_1/tile_1.jpg [36m304 [0m0.302 ms - -[0m
[0mGET /asset/project1/level3/pano/tiles/sun_pano_after/cf_3/l_2/c_3/tile_1.jpg [36m304 [0m0.452 ms - -[0m
[0mGET /asset/project1/level3/pano/tiles/sun_pano_after/cf_3/l_2/c_3/tile_2.jpg [36m304 [0m0.482 ms - -[0m
[0mGET /asset/project1/level3/pano/tiles/sun_pano_after/cf_3/l_2/c_3/tile_0.jpg [36m304 [0m0.528 ms - -[0m
[0mGET /asset/project1/level3/pano/tiles/sun_pano_after/cf_3/l_1/c_1/tile_0.jpg [36m304 [0m0.157 ms - -[0m
[0mGET /asset/project1/level3/pano/tiles/sun_pano_after/cf_3/l_2/c_3/tile_3.jpg [36m304 [0m0.167 ms - -[0m
[0mGET /asset/project1/level3/pano/tiles/night_pano_after/cf_0/l_0/c_0/tile_0.jpg [36m304 [0m0.244 ms - -[0m
[0mGET /asset/project1/level3/pano/tiles/night_pano_after/cf_3/l_0/c_0/tile_0.jpg [36m304 [0m0.371 ms - -[0m
[0mGET /asset/project1/level3/pano/tiles/night_pano_after/cf_2/l_0/c_0/tile_0.jpg [36m304 [0m0.370 ms - -[0m
[0mGET /asset/project1/level3/pano/tiles/night_pano_after/cf_4/l_0/c_0/tile_0.jpg [36m304 [0m1.118 ms - -[0m
[0mGET /asset/project1/level3/pano/tiles/night_pano_after/cf_1/l_0/c_0/tile_0.jpg [36m304 [0m0.876 ms - -[0m
[0mGET /asset/project1/level3/pano/tiles/night_pano_after/cf_6/l_0/c_0/tile_0.jpg [36m304 [0m0.886 ms - -[0m
[0mGET /asset/project1/level3/pano/tiles/night_pano_after/cf_0/l_1/c_1/tile_0.jpg [36m304 [0m1.155 ms - -[0m
[0mGET /asset/project1/level3/pano/tiles/night_pano_after/cf_0/l_1/c_0/tile_1.jpg [36m304 [0m1.296 ms - -[0m
[0mGET /asset/project1/level3/pano/tiles/night_pano_after/cf_0/l_1/c_0/tile_0.jpg [36m304 [0m0.992 ms - -[0m
[0mGET /asset/project1/level3/pano/tiles/night_pano_after/cf_0/l_1/c_1/tile_1.jpg [36m304 [0m0.797 ms - -[0m
[0mGET /asset/project1/level3/pano/tiles/night_pano_after/cf_5/l_0/c_0/tile_0.jpg [36m304 [0m0.154 ms - -[0m
[0mGET /asset/project1/level3/pano/tiles/night_pano_after/cf_0/l_2/c_0/tile_0.jpg [36m304 [0m0.333 ms - -[0m
[0mGET /asset/project1/level3/pano/tiles/night_pano_after/cf_0/l_2/c_2/tile_0.jpg [36m304 [0m0.330 ms - -[0m
[0mGET /asset/project1/level3/pano/tiles/night_pano_after/cf_0/l_2/c_1/tile_0.jpg [36m304 [0m0.922 ms - -[0m
[0mGET /asset/project1/level3/pano/tiles/night_pano_after/cf_3/l_1/c_1/tile_1.jpg [36m304 [0m0.956 ms - -[0m
[0mGET /asset/project1/level3/pano/tiles/night_pano_after/cf_3/l_1/c_1/tile_0.jpg [36m304 [0m0.147 ms - -[0m
[0mGET /asset/project1/level3/pano/tiles/night_pano_after/cf_0/l_2/c_0/tile_1.jpg [36m304 [0m0.152 ms - -[0m
[0mGET /asset/project1/level3/pano/tiles/night_pano_after/cf_0/l_2/c_0/tile_2.jpg [36m304 [0m0.153 ms - -[0m
[0mGET /asset/project1/level3/pano/tiles/night_pano_after/cf_0/l_2/c_2/tile_1.jpg [36m304 [0m0.297 ms - -[0m
[0mGET /asset/project1/level3/pano/tiles/night_pano_after/cf_0/l_2/c_1/tile_2.jpg [36m304 [0m0.305 ms - -[0m
[0mGET /asset/project1/level3/pano/tiles/night_pano_after/cf_0/l_2/c_1/tile_1.jpg [36m304 [0m0.149 ms - -[0m
[0mGET /asset/project1/level3/pano/tiles/night_pano_after/cf_0/l_2/c_2/tile_2.jpg [36m304 [0m0.187 ms - -[0m
[0mGET /asset/project1/level3/pano/tiles/night_pano_after/cf_0/l_2/c_1/tile_3.jpg [36m304 [0m0.160 ms - -[0m
[0mGET /asset/project1/level3/pano/tiles/night_pano_after/cf_3/l_2/c_2/tile_0.jpg [36m304 [0m0.134 ms - -[0m
[0mGET /asset/project1/level3/pano/tiles/night_pano_after/cf_0/l_2/c_2/tile_3.jpg [36m304 [0m0.136 ms - -[0m
[0mGET /asset/project1/level3/pano/tiles/night_pano_after/cf_0/l_2/c_0/tile_3.jpg [36m304 [0m0.143 ms - -[0m
[0mGET /asset/project1/level3/pano/tiles/night_pano_after/cf_3/l_2/c_2/tile_1.jpg [36m304 [0m0.147 ms - -[0m
[0mGET /asset/project1/level3/pano/tiles/night_pano_after/cf_3/l_2/c_3/tile_0.jpg [36m304 [0m0.132 ms - -[0m
[0mGET /asset/project1/level3/pano/tiles/night_pano_after/cf_3/l_2/c_3/tile_2.jpg [36m304 [0m0.150 ms - -[0m
[0mGET /asset/project1/level3/pano/tiles/night_pano_after/cf_3/l_2/c_2/tile_2.jpg [36m304 [0m0.135 ms - -[0m
[0mGET /asset/project1/level3/pano/tiles/night_pano_after/cf_3/l_2/c_2/tile_3.jpg [36m304 [0m0.131 ms - -[0m
[0mGET /asset/project1/level3/pano/tiles/night_pano_after/cf_3/l_2/c_3/tile_1.jpg [36m304 [0m0.134 ms - -[0m
[0mGET /asset/project1/level3/pano/tiles/night_pano_after/cf_3/l_2/c_3/tile_3.jpg [36m304 [0m0.156 ms - -[0m
[0mGET /asset/project1/level3/pano/tiles/sun_pano_after/cf_0/l_1/c_1/tile_1.jpg [36m304 [0m0.290 ms - -[0m
[0mGET /asset/project1/level3/pano/tiles/sun_pano_after/cf_0/l_1/c_1/tile_0.jpg [36m304 [0m0.165 ms - -[0m
[0mGET /project [36m304 [0m18.275 ms - -[0m
[0mGET /css/water/main.css [36m304 [0m2.571 ms - -[0m
[0mGET /css/style.css [36m304 [0m3.071 ms - -[0m
[0mGET /css/share.min.css [36m304 [0m0.196 ms - -[0m
[0mGET /js/jquery-3.2.1.min.js [36m304 [0m0.265 ms - -[0m
[0mGET /js/water/vendor.js [36m304 [0m0.520 ms - -[0m
[0mGET /js/water/bootstrap-waterfall.js [36m304 [0m0.322 ms - -[0m
[0mGET /js/interaction.js [36m304 [0m0.220 ms - -[0m
[0mGET /js/bootstrap.min.js [36m304 [0m0.210 ms - -[0m
[0mGET /js/template-web.js [36m304 [0m0.174 ms - -[0m
[0mGET /js/jquery.share.min.js [36m304 [0m0.175 ms - -[0m
[0mGET /img/save2.png [36m304 [0m0.166 ms - -[0m
[0mGET /img/m_logo.png [36m304 [0m0.178 ms - -[0m
[0mGET /img/share.png [36m304 [0m0.175 ms - -[0m
[0mGET /img/user.png [36m304 [0m0.332 ms - -[0m
[0mGET /img/hotlink.png [36m304 [0m0.173 ms - -[0m
[0mGET /img/3dlogo.png [36m304 [0m0.622 ms - -[0m
[0mGET /img/panologo.png [36m304 [0m0.256 ms - -[0m
[0mGET /img/IMGlogo.png [36m304 [0m0.195 ms - -[0m
[0mGET /asset/project1/level2/webgl.jpg [36m304 [0m0.311 ms - -[0m
[0mGET /asset/project1/level2/pano.jpg [36m304 [0m0.291 ms - -[0m
[0mGET /asset/project1/level2/IMG.jpg [36m304 [0m0.163 ms - -[0m
[0mGET /project [36m304 [0m2.282 ms - -[0m
[0mGET /css/water/main.css [36m304 [0m0.325 ms - -[0m
[0mGET /css/style.css [36m304 [0m0.460 ms - -[0m
[0mGET /css/share.min.css [36m304 [0m0.189 ms - -[0m
[0mGET /js/jquery-3.2.1.min.js [36m304 [0m0.292 ms - -[0m
[0mGET /js/water/vendor.js [36m304 [0m0.272 ms - -[0m
[0mGET /js/water/bootstrap-waterfall.js [36m304 [0m0.339 ms - -[0m
[0mGET /js/interaction.js [36m304 [0m0.531 ms - -[0m
[0mGET /js/bootstrap.min.js [36m304 [0m0.308 ms - -[0m
[0mGET /js/template-web.js [36m304 [0m0.180 ms - -[0m
[0mGET /js/jquery.share.min.js [36m304 [0m0.914 ms - -[0m
[0mGET /img/save2.png [36m304 [0m0.888 ms - -[0m
[0mGET /img/share.png [36m304 [0m2.430 ms - -[0m
[0mGET /img/m_logo.png [36m304 [0m0.177 ms - -[0m
[0mGET /img/hotlink.png [36m304 [0m0.186 ms - -[0m
[0mGET /img/user.png [36m304 [0m0.374 ms - -[0m
[0mGET /asset/project1/level2/webgl.jpg [36m304 [0m0.557 ms - -[0m
[0mGET /img/3dlogo.png [36m304 [0m0.293 ms - -[0m
[0mGET /asset/project1/level2/pano.jpg [36m304 [0m0.683 ms - -[0m
[0mGET /img/panologo.png [36m304 [0m0.708 ms - -[0m
[0mGET /asset/project1/level2/IMG.jpg [36m304 [0m0.694 ms - -[0m
[0mGET /img/IMGlogo.png [36m304 [0m0.660 ms - -[0m
[0mGET /webgl?contentId=2 [36m304 [0m3.098 ms - -[0m
[0mGET /asset/project1/level3/webgl/4dage.js [36m304 [0m0.322 ms - -[0m
[0mGET /css/style.css [36m304 [0m0.188 ms - -[0m
[0mGET /css/share.min.css [36m304 [0m0.299 ms - -[0m
[0mGET /js/jquery-3.2.1.min.js [36m304 [0m0.166 ms - -[0m
[0mGET /js/water/vendor.js [36m304 [0m0.375 ms - -[0m
[0mGET /css/water/main.css [36m304 [0m0.208 ms - -[0m
[0mGET /js/water/bootstrap-waterfall.js [36m304 [0m0.413 ms - -[0m
[0mGET /js/interaction.js [36m304 [0m0.166 ms - -[0m
[0mGET /js/bootstrap.min.js [36m304 [0m1.559 ms - -[0m
[0mGET /js/template-web.js [36m304 [0m0.583 ms - -[0m
[0mGET /js/jquery.share.min.js [36m304 [0m0.169 ms - -[0m
[0mGET /img/close.png [36m304 [0m0.171 ms - -[0m
[0mGET /img/share3.png [36m304 [0m0.357 ms - -[0m
[0mGET /img/next.png [36m304 [0m0.493 ms - -[0m
[0mGET /img/save3.png [36m304 [0m0.370 ms - -[0m
[0mGET /img/prev.png [36m304 [0m1.231 ms - -[0m
[0mGET /img/return.png [36m304 [0m0.169 ms - -[0m
